This file contains any messages produced by compilers while
running configure, to aid debugging if configure makes a mistake.

It was created by configure, which was
generated by GNU Autoconf 2.64.  Invocation command line was

  $ ./configure 

## --------- ##
## Platform. ##
## --------- ##

hostname = Elisas-MacBook-Pro.local
uname -m = arm64
uname -r = 21.4.0
uname -s = Darwin
uname -v = Darwin Kernel Version 21.4.0: Mon Feb 21 20:35:58 PST 2022; root:xnu-8020.101.4~2/RELEASE_ARM64_T6000

/usr/bin/uname -p = arm
/bin/uname -X     = unknown

/bin/arch              = unknown
/usr/bin/arch -k       = unknown
/usr/convex/getsysinfo = unknown
/usr/bin/hostinfo      = Mach kernel version:
	 Darwin Kernel Version 21.4.0: Mon Feb 21 20:35:58 PST 2022; root:xnu-8020.101.4~2/RELEASE_ARM64_T6000
Kernel configured for up to 10 processors.
10 processors are physically available.
10 processors are logically available.
Processor type: arm64e (ARM64E)
Processors active: 0 1 2 3 4 5 6 7 8 9
Primary memory available: 16.00 gigabytes
Default processor set: 577 tasks, 5733 threads, 10 processors
Load average: 16.38, Mach factor: 0.65
/bin/machine           = unknown
/usr/bin/oslevel       = unknown
/bin/universe          = unknown

PATH: /opt/homebrew/bin
PATH: /opt/homebrew/sbin
PATH: /usr/local/bin
PATH: /usr/bin
PATH: /bin
PATH: /usr/sbin
PATH: /sbin
PATH: /usr/local/go/bin
PATH: /opt/X11/bin
PATH: /opt/homebrew/bin
PATH: /opt/homebrew/sbin
PATH: /usr/local/mysql/bin/
PATH: /usr/local/mysql/bin/


## ----------- ##
## Core tests. ##
## ----------- ##

configure:2296: checking build system type
configure:2310: result: arm-apple-darwin21.4.0
configure:2357: checking host system type
configure:2370: result: arm-apple-darwin21.4.0
configure:2390: checking target system type
configure:2403: result: arm-apple-darwin21.4.0
configure:2457: checking for a BSD-compatible install
configure:2525: result: /usr/bin/install -c
configure:2536: checking whether ln works
configure:2558: result: yes
configure:2562: checking whether ln -s works
configure:2566: result: yes
configure:2573: checking for a sed that does not truncate output
configure:2637: result: /usr/bin/sed
configure:2646: checking for gawk
configure:2676: result: no
configure:2646: checking for mawk
configure:2676: result: no
configure:2646: checking for nawk
configure:2676: result: no
configure:2646: checking for awk
configure:2662: found /usr/bin/awk
configure:2673: result: awk
configure:4117: checking for gcc
configure:4133: found /usr/bin/gcc
configure:4144: result: gcc
configure:4373: checking for C compiler version
configure:4382: gcc --version >&5
Apple clang version 13.1.6 (clang-1316.0.21.2.5)
Target: arm64-apple-darwin21.4.0
Thread model: posix
InstalledDir: /Library/Developer/CommandLineTools/usr/bin
configure:4393: $? = 0
configure:4382: gcc -v >&5
Apple clang version 13.1.6 (clang-1316.0.21.2.5)
Target: arm64-apple-darwin21.4.0
Thread model: posix
InstalledDir: /Library/Developer/CommandLineTools/usr/bin
configure:4393: $? = 0
configure:4382: gcc -V >&5
clang: error: argument to '-V' is missing (expected 1 value)
clang: error: no input files
configure:4393: $? = 1
configure:4382: gcc -qversion >&5
clang: error: unknown argument '-qversion'; did you mean '--version'?
clang: error: no input files
configure:4393: $? = 1
configure:4413: checking for C compiler default output file name
configure:4435: gcc    conftest.c  >&5
configure:4439: $? = 0
configure:4476: result: a.out
configure:4492: checking whether the C compiler works
configure:4501: ./a.out
configure:4505: $? = 0
configure:4520: result: yes
configure:4527: checking whether we are cross compiling
configure:4529: result: no
configure:4532: checking for suffix of executables
configure:4539: gcc -o conftest    conftest.c  >&5
configure:4543: $? = 0
configure:4565: result: 
configure:4571: checking for suffix of object files
configure:4593: gcc -c   conftest.c >&5
configure:4597: $? = 0
configure:4618: result: o
configure:4622: checking whether we are using the GNU C compiler
configure:4641: gcc -c   conftest.c >&5
configure:4641: $? = 0
configure:4650: result: yes
configure:4659: checking whether gcc accepts -g
configure:4679: gcc -c -g  conftest.c >&5
configure:4679: $? = 0
configure:4720: result: yes
configure:4737: checking for gcc option to accept ISO C89
configure:4801: gcc  -c -g -O2  conftest.c >&5
configure:4801: $? = 0
configure:4814: result: none needed
configure:4892: checking for g++
configure:4908: found /usr/bin/g++
configure:4919: result: g++
configure:4946: checking for C++ compiler version
configure:4955: g++ --version >&5
Apple clang version 13.1.6 (clang-1316.0.21.2.5)
Target: arm64-apple-darwin21.4.0
Thread model: posix
InstalledDir: /Library/Developer/CommandLineTools/usr/bin
configure:4966: $? = 0
configure:4955: g++ -v >&5
Apple clang version 13.1.6 (clang-1316.0.21.2.5)
Target: arm64-apple-darwin21.4.0
Thread model: posix
InstalledDir: /Library/Developer/CommandLineTools/usr/bin
configure:4966: $? = 0
configure:4955: g++ -V >&5
clang: error: argument to '-V' is missing (expected 1 value)
clang: error: no input files
configure:4966: $? = 1
configure:4955: g++ -qversion >&5
clang: error: unknown argument '-qversion'; did you mean '--version'?
clang: error: no input files
configure:4966: $? = 1
configure:4970: checking whether we are using the GNU C++ compiler
configure:4989: g++ -c   conftest.cpp >&5
configure:4989: $? = 0
configure:4998: result: yes
configure:5007: checking whether g++ accepts -g
configure:5027: g++ -c -g  conftest.cpp >&5
configure:5027: $? = 0
configure:5068: result: yes
configure:5117: checking whether g++ accepts -static-libstdc++ -static-libgcc
configure:5134: g++ -o conftest -g -O2   -static-libstdc++ -static-libgcc conftest.cpp  >&5
clang: error: unsupported option '-static-libgcc'
configure:5134: $? = 1
configure: failed program was:
| /* confdefs.h */
| #define PACKAGE_NAME ""
| #define PACKAGE_TARNAME ""
| #define PACKAGE_VERSION ""
| #define PACKAGE_STRING ""
| #define PACKAGE_BUGREPORT ""
| #define PACKAGE_URL ""
| /* end confdefs.h.  */
| 
| #if (__GNUC__ < 4) || (__GNUC__ == 4 && __GNUC_MINOR__ < 5)
| #error -static-libstdc++ not implemented
| #endif
| int main() {}
configure:5138: result: no
configure:5199: checking for gnatbind
configure:5229: result: no
configure:5291: checking for gnatmake
configure:5321: result: no
configure:5340: checking whether compiler driver understands Ada
configure:5363: result: no
configure:5372: checking how to compare bootstrapped objects
configure:5397: result: cmp --ignore-initial=16 $$f1 $$f2
configure:5457: checking for objdir
configure:5472: result: .libs
configure:6023: checking for isl 0.15 (or deprecated 0.14)
configure:6036: gcc -o conftest -g -O2      -lisl -lmpc -lmpfr -lgmp conftest.c  -lisl -lgmp >&5
conftest.c:10:10: fatal error: 'isl/ctx.h' file not found
#include <isl/ctx.h>
         ^~~~~~~~~~~
1 error generated.
configure:6036: $? = 1
configure: failed program was:
| /* confdefs.h */
| #define PACKAGE_NAME ""
| #define PACKAGE_TARNAME ""
| #define PACKAGE_VERSION ""
| #define PACKAGE_STRING ""
| #define PACKAGE_BUGREPORT ""
| #define PACKAGE_URL ""
| #define LT_OBJDIR ".libs/"
| /* end confdefs.h.  */
| #include <isl/ctx.h>
| int
| main ()
| {
| isl_ctx_get_max_operations (isl_ctx_alloc ());
|   ;
|   return 0;
| }
configure:6043: result: no
configure:6047: result: recommended isl version is 0.15, minimum required isl version 0.14 is deprecated
configure:7047: checking for default BUILD_CONFIG
configure:7079: result: 
configure:7084: checking for --enable-vtable-verify
configure:7097: result: no
configure:7693: checking for bison
configure:7709: found /usr/bin/bison
configure:7720: result: bison -y
configure:7740: checking for bison
configure:7756: found /usr/bin/bison
configure:7767: result: bison
configure:7787: checking for gm4
configure:7803: found /usr/bin/gm4
configure:7814: result: gm4
configure:7834: checking for flex
configure:7850: found /usr/bin/flex
configure:7861: result: flex
configure:7882: checking for flex
configure:7898: found /usr/bin/flex
configure:7909: result: flex
configure:7929: checking for makeinfo
configure:7945: found /usr/bin/makeinfo
configure:7956: result: makeinfo
configure:7990: checking for expect
configure:8006: found /usr/bin/expect
configure:8017: result: expect
configure:8039: checking for runtest
configure:8069: result: no
configure:8184: checking for ar
configure:8200: found /usr/bin/ar
configure:8211: result: ar
configure:8325: checking for as
configure:8341: found /usr/bin/as
configure:8352: result: as
configure:8466: checking for dlltool
configure:8496: result: no
configure:8526: checking for ld
configure:8553: result: /Library/Developer/CommandLineTools/usr/bin/ld
configure:8748: checking for lipo
configure:8764: found /usr/bin/lipo
configure:8775: result: lipo
configure:8889: checking for nm
configure:8905: found /usr/bin/nm
configure:8916: result: nm
configure:9030: checking for ranlib
configure:9046: found /usr/bin/ranlib
configure:9057: result: ranlib
configure:9166: checking for strip
configure:9182: found /usr/bin/strip
configure:9193: result: strip
configure:9302: checking for windres
configure:9332: result: no
configure:9443: checking for windmc
configure:9473: result: no
configure:9584: checking for objcopy
configure:9614: result: no
configure:9725: checking for objdump
configure:9741: found /usr/bin/objdump
configure:9752: result: objdump
configure:9866: checking for readelf
configure:9896: result: no
configure:10046: checking for cc
configure:10062: found /usr/bin/cc
configure:10073: result: cc
configure:10207: checking for c++
configure:10223: found /usr/bin/c++
configure:10234: result: c++
configure:10368: checking for gcc
configure:10384: found /usr/bin/gcc
configure:10395: result: gcc
configure:10524: checking for gcj
configure:10554: result: no
configure:10685: checking for gfortran
configure:10701: found /opt/homebrew/bin/gfortran
configure:10712: result: gfortran
configure:10846: checking for gccgo
configure:10876: result: no
configure:11087: checking for ar
configure:11103: found /usr/bin/ar
configure:11114: result: ar
configure:11317: checking for as
configure:11333: found /usr/bin/as
configure:11344: result: as
configure:11547: checking for dlltool
configure:11577: result: no
configure:11777: checking for ld
configure:11793: found /usr/bin/ld
configure:11804: result: ld
configure:12007: checking for lipo
configure:12023: found /usr/bin/lipo
configure:12034: result: lipo
configure:12237: checking for nm
configure:12253: found /usr/bin/nm
configure:12264: result: nm
configure:12467: checking for objcopy
configure:12497: result: no
configure:12697: checking for objdump
configure:12713: found /usr/bin/objdump
configure:12724: result: objdump
configure:12927: checking for ranlib
configure:12943: found /usr/bin/ranlib
configure:12954: result: ranlib
configure:13157: checking for readelf
configure:13187: result: no
configure:13387: checking for strip
configure:13403: found /usr/bin/strip
configure:13414: result: strip
configure:13617: checking for windres
configure:13647: result: no
configure:13847: checking for windmc
configure:13877: result: no
configure:13905: checking where to find the target ar
configure:13938: result: host tool
configure:13947: checking where to find the target as
configure:13980: result: host tool
configure:13989: checking where to find the target cc
configure:14022: result: host tool
configure:14031: checking where to find the target c++
configure:14067: result: host tool
configure:14076: checking where to find the target c++ for libstdc++
configure:14112: result: host tool
configure:14121: checking where to find the target dlltool
configure:14154: result: host tool
configure:14163: checking where to find the target gcc
configure:14196: result: host tool
configure:14205: checking where to find the target gcj
configure:14241: result: host tool
configure:14250: checking where to find the target gfortran
configure:14286: result: host tool
configure:14295: checking where to find the target gccgo
configure:14331: result: host tool
configure:14340: checking where to find the target ld
configure:14373: result: host tool
configure:14382: checking where to find the target lipo
configure:14404: result: host tool
configure:14413: checking where to find the target nm
configure:14446: result: host tool
configure:14455: checking where to find the target objcopy
configure:14488: result: host tool
configure:14497: checking where to find the target objdump
configure:14530: result: host tool
configure:14539: checking where to find the target ranlib
configure:14572: result: host tool
configure:14581: checking where to find the target readelf
configure:14614: result: host tool
configure:14623: checking where to find the target strip
configure:14656: result: host tool
configure:14665: checking where to find the target windres
configure:14698: result: host tool
configure:14707: checking where to find the target windmc
configure:14740: result: host tool
configure:14777: checking whether to enable maintainer-specific portions of Makefiles
configure:14786: result: no
configure:15043: creating ./config.status

## ---------------------- ##
## Running config.status. ##
## ---------------------- ##

This file was extended by config.status, which was
generated by GNU Autoconf 2.64.  Invocation command line was

  CONFIG_FILES    = 
  CONFIG_HEADERS  = 
  CONFIG_LINKS    = 
  CONFIG_COMMANDS = 
  $ ./config.status 

on Elisas-MacBook-Pro.local

config.status:934: creating Makefile

## ---------------- ##
## Cache variables. ##
## ---------------- ##

ac_cv_build=arm-apple-darwin21.4.0
ac_cv_c_compiler_gnu=yes
ac_cv_cxx_compiler_gnu=yes
ac_cv_env_AR_FOR_TARGET_set=
ac_cv_env_AR_FOR_TARGET_value=
ac_cv_env_AR_set=
ac_cv_env_AR_value=
ac_cv_env_AS_FOR_TARGET_set=
ac_cv_env_AS_FOR_TARGET_value=
ac_cv_env_AS_set=
ac_cv_env_AS_value=
ac_cv_env_CCC_set=
ac_cv_env_CCC_value=
ac_cv_env_CC_FOR_TARGET_set=
ac_cv_env_CC_FOR_TARGET_value=
ac_cv_env_CC_set=
ac_cv_env_CC_value=
ac_cv_env_CFLAGS_set=
ac_cv_env_CFLAGS_value=
ac_cv_env_CPPFLAGS_set=
ac_cv_env_CPPFLAGS_value=
ac_cv_env_CXXFLAGS_set=
ac_cv_env_CXXFLAGS_value=
ac_cv_env_CXX_FOR_TARGET_set=
ac_cv_env_CXX_FOR_TARGET_value=
ac_cv_env_CXX_set=
ac_cv_env_CXX_value=
ac_cv_env_DLLTOOL_FOR_TARGET_set=
ac_cv_env_DLLTOOL_FOR_TARGET_value=
ac_cv_env_DLLTOOL_set=
ac_cv_env_DLLTOOL_value=
ac_cv_env_GCC_FOR_TARGET_set=
ac_cv_env_GCC_FOR_TARGET_value=
ac_cv_env_GCJ_FOR_TARGET_set=
ac_cv_env_GCJ_FOR_TARGET_value=
ac_cv_env_GFORTRAN_FOR_TARGET_set=
ac_cv_env_GFORTRAN_FOR_TARGET_value=
ac_cv_env_GOC_FOR_TARGET_set=
ac_cv_env_GOC_FOR_TARGET_value=
ac_cv_env_LDFLAGS_set=
ac_cv_env_LDFLAGS_value=
ac_cv_env_LD_FOR_TARGET_set=
ac_cv_env_LD_FOR_TARGET_value=
ac_cv_env_LD_set=
ac_cv_env_LD_value=
ac_cv_env_LIBS_set=
ac_cv_env_LIBS_value=
ac_cv_env_LIPO_FOR_TARGET_set=
ac_cv_env_LIPO_FOR_TARGET_value=
ac_cv_env_LIPO_set=
ac_cv_env_LIPO_value=
ac_cv_env_NM_FOR_TARGET_set=
ac_cv_env_NM_FOR_TARGET_value=
ac_cv_env_NM_set=
ac_cv_env_NM_value=
ac_cv_env_OBJCOPY_FOR_TARGET_set=
ac_cv_env_OBJCOPY_FOR_TARGET_value=
ac_cv_env_OBJCOPY_set=
ac_cv_env_OBJCOPY_value=
ac_cv_env_OBJDUMP_FOR_TARGET_set=
ac_cv_env_OBJDUMP_FOR_TARGET_value=
ac_cv_env_OBJDUMP_set=
ac_cv_env_OBJDUMP_value=
ac_cv_env_RANLIB_FOR_TARGET_set=
ac_cv_env_RANLIB_FOR_TARGET_value=
ac_cv_env_RANLIB_set=
ac_cv_env_RANLIB_value=
ac_cv_env_READELF_FOR_TARGET_set=
ac_cv_env_READELF_FOR_TARGET_value=
ac_cv_env_READELF_set=
ac_cv_env_READELF_value=
ac_cv_env_STRIP_FOR_TARGET_set=
ac_cv_env_STRIP_FOR_TARGET_value=
ac_cv_env_STRIP_set=
ac_cv_env_STRIP_value=
ac_cv_env_WINDMC_FOR_TARGET_set=
ac_cv_env_WINDMC_FOR_TARGET_value=
ac_cv_env_WINDMC_set=
ac_cv_env_WINDMC_value=
ac_cv_env_WINDRES_FOR_TARGET_set=
ac_cv_env_WINDRES_FOR_TARGET_value=
ac_cv_env_WINDRES_set=
ac_cv_env_WINDRES_value=
ac_cv_env_build_alias_set=
ac_cv_env_build_alias_value=
ac_cv_env_build_configargs_set=
ac_cv_env_build_configargs_value=
ac_cv_env_host_alias_set=
ac_cv_env_host_alias_value=
ac_cv_env_host_configargs_set=
ac_cv_env_host_configargs_value=
ac_cv_env_target_alias_set=
ac_cv_env_target_alias_value=
ac_cv_env_target_configargs_set=
ac_cv_env_target_configargs_value=
ac_cv_host=arm-apple-darwin21.4.0
ac_cv_objext=o
ac_cv_path_SED=/usr/bin/sed
ac_cv_path_install='/usr/bin/install -c'
ac_cv_prog_AR=ar
ac_cv_prog_AR_FOR_TARGET=ar
ac_cv_prog_AS=as
ac_cv_prog_AS_FOR_TARGET=as
ac_cv_prog_AWK=awk
ac_cv_prog_BISON=bison
ac_cv_prog_CC_FOR_TARGET=cc
ac_cv_prog_CXX_FOR_TARGET=c++
ac_cv_prog_EXPECT=expect
ac_cv_prog_FLEX=flex
ac_cv_prog_GCC_FOR_TARGET=gcc
ac_cv_prog_GFORTRAN_FOR_TARGET=gfortran
ac_cv_prog_LD=/Library/Developer/CommandLineTools/usr/bin/ld
ac_cv_prog_LD_FOR_TARGET=ld
ac_cv_prog_LEX=flex
ac_cv_prog_LIPO=lipo
ac_cv_prog_LIPO_FOR_TARGET=lipo
ac_cv_prog_M4=gm4
ac_cv_prog_MAKEINFO=makeinfo
ac_cv_prog_NM=nm
ac_cv_prog_NM_FOR_TARGET=nm
ac_cv_prog_OBJDUMP=objdump
ac_cv_prog_OBJDUMP_FOR_TARGET=objdump
ac_cv_prog_RANLIB=ranlib
ac_cv_prog_RANLIB_FOR_TARGET=ranlib
ac_cv_prog_STRIP=strip
ac_cv_prog_STRIP_FOR_TARGET=strip
ac_cv_prog_YACC='bison -y'
ac_cv_prog_ac_ct_CC=gcc
ac_cv_prog_ac_ct_CXX=g++
ac_cv_prog_cc_c89=
ac_cv_prog_cc_g=yes
ac_cv_prog_cxx_g=yes
ac_cv_target=arm-apple-darwin21.4.0
acx_cv_cc_gcc_supports_ada=no
acx_cv_prog_LN=ln
gcc_cv_isl=no
gcc_cv_prog_cmp_skip='cmp --ignore-initial=16 $$f1 $$f2'
gcc_cv_tool_dirs=
gcc_cv_tool_prefix=/usr/local
lt_cv_objdir=.libs

## ----------------- ##
## Output variables. ##
## ----------------- ##

AR='ar'
AR_FOR_BUILD='$(AR)'
AR_FOR_TARGET='$(AR)'
AS='as'
AS_FOR_BUILD='$(AS)'
AS_FOR_TARGET='$(AS)'
AWK='awk'
BISON='bison'
BUILD_CONFIG=''
CC='gcc'
CC_FOR_BUILD='$(CC)'
CC_FOR_TARGET='$(CC)'
CFLAGS='-g -O2'
CFLAGS_FOR_BUILD='-g -O2'
CFLAGS_FOR_TARGET='-g -O2'
COMPILER_AS_FOR_TARGET='$(AS_FOR_TARGET)'
COMPILER_LD_FOR_TARGET='$(LD_FOR_TARGET)'
COMPILER_NM_FOR_TARGET='$(NM_FOR_TARGET)'
CONFIGURE_GDB_TK=''
CPPFLAGS=''
CXX='g++'
CXXFLAGS='-g -O2'
CXXFLAGS_FOR_BUILD='-g -O2'
CXXFLAGS_FOR_TARGET='-g -O2'
CXX_FOR_BUILD='$(CXX)'
CXX_FOR_TARGET='$(CXX)'
DEBUG_PREFIX_CFLAGS_FOR_TARGET=''
DEFS='-DPACKAGE_NAME=\"\" -DPACKAGE_TARNAME=\"\" -DPACKAGE_VERSION=\"\" -DPACKAGE_STRING=\"\" -DPACKAGE_BUGREPORT=\"\" -DPACKAGE_URL=\"\" -DLT_OBJDIR=\".libs/\"'
DLLTOOL='dlltool'
DLLTOOL_FOR_BUILD='$(DLLTOOL)'
DLLTOOL_FOR_TARGET='$(DLLTOOL)'
ECHO_C='\c'
ECHO_N=''
ECHO_T=''
EXEEXT=''
EXPECT='expect'
EXTRA_CONFIGARGS_LIBJAVA='--disable-static'
FLAGS_FOR_TARGET=''
FLEX='flex'
GCC_FOR_TARGET='$()'
GCC_SHLIB_SUBDIR=''
GCJ_FOR_BUILD='$(GCJ)'
GCJ_FOR_TARGET='$(GCJ)'
GDB_TK=''
GFORTRAN_FOR_BUILD='$(GFORTRAN)'
GFORTRAN_FOR_TARGET='$(GFORTRAN)'
GNATBIND='no'
GNATMAKE='no'
GOC_FOR_BUILD='$(GOC)'
GOC_FOR_TARGET='$(GOC)'
INSTALL_DATA='${INSTALL} -m 644'
INSTALL_GDB_TK=''
INSTALL_PROGRAM='${INSTALL}'
INSTALL_SCRIPT='${INSTALL}'
LD='/Library/Developer/CommandLineTools/usr/bin/ld'
LDFLAGS=''
LDFLAGS_FOR_BUILD=''
LDFLAGS_FOR_TARGET=''
LD_FOR_BUILD='$(LD)'
LD_FOR_TARGET='$(LD)'
LEX='flex'
LIBOBJS=''
LIBS=''
LIPO='lipo'
LIPO_FOR_TARGET='$(LIPO)'
LN='ln'
LN_S='ln -s'
LTLIBOBJS=''
M4='gm4'
MAINT='#'
MAINTAINER_MODE_FALSE=''
MAINTAINER_MODE_TRUE='#'
MAKEINFO='makeinfo'
NM='nm'
NM_FOR_BUILD='$(NM)'
NM_FOR_TARGET='$(NM)'
OBJCOPY='objcopy'
OBJCOPY_FOR_TARGET='$(OBJCOPY)'
OBJDUMP='objdump'
OBJDUMP_FOR_TARGET='$(OBJDUMP)'
OBJEXT='o'
PACKAGE_BUGREPORT=''
PACKAGE_NAME=''
PACKAGE_STRING=''
PACKAGE_TARNAME=''
PACKAGE_URL=''
PACKAGE_VERSION=''
PATH_SEPARATOR=':'
RANLIB='ranlib'
RANLIB_FOR_BUILD='$(RANLIB)'
RANLIB_FOR_TARGET='$(RANLIB)'
RAW_CXX_FOR_TARGET='$(CXX)'
READELF='readelf'
READELF_FOR_TARGET='$(READELF)'
RPATH_ENVVAR='DYLD_LIBRARY_PATH'
RUNTEST='runtest'
SED='/usr/bin/sed'
SHELL='/bin/sh'
STRIP='strip'
STRIP_FOR_TARGET='$(STRIP)'
SYSROOT_CFLAGS_FOR_TARGET=''
TOPLEVEL_CONFIGURE_ARGUMENTS='./configure'
WINDMC='windmc'
WINDMC_FOR_BUILD='$(WINDMC)'
WINDMC_FOR_TARGET='$(WINDMC)'
WINDRES='windres'
WINDRES_FOR_BUILD='$(WINDRES)'
WINDRES_FOR_TARGET='$(WINDRES)'
YACC='bison -y'
ac_ct_CC='gcc'
ac_ct_CXX='g++'
bindir='${exec_prefix}/bin'
build='arm-apple-darwin21.4.0'
build_alias=''
build_configargs=' --cache-file=./config.cache  --program-transform-name='\''s,y,y,'\'' --disable-option-checking'
build_configdirs=' libiberty'
build_cpu='arm'
build_libsubdir='build-arm-apple-darwin21.4.0'
build_noncanonical='arm-apple-darwin21.4.0'
build_os='darwin21.4.0'
build_subdir='build-arm-apple-darwin21.4.0'
build_tooldir='${exec_prefix}/arm-apple-darwin21.4.0'
build_vendor='apple'
compare_exclusions='gcc/cc*-checksum$(objext) | gcc/ada/*tools/*'
configdirs=' intl libiberty opcodes bfd readline zlib libdecnumber etc'
datadir='${datarootdir}'
datarootdir='${prefix}/share'
do_compare='cmp --ignore-initial=16 $$f1 $$f2'
docdir='${datarootdir}/doc/${PACKAGE}'
dvidir='${docdir}'
exec_prefix='${prefix}'
extra_host_libiberty_configure_flags=''
extra_host_zlib_configure_flags=''
extra_isl_gmp_configure_flags=''
extra_liboffloadmic_configure_flags=''
extra_linker_plugin_configure_flags=''
extra_linker_plugin_flags=''
extra_mpc_gmp_configure_flags=''
extra_mpc_mpfr_configure_flags=''
extra_mpfr_configure_flags=''
gmpinc=''
gmplibs='-lmpc -lmpfr -lgmp'
host='arm-apple-darwin21.4.0'
host_alias=''
host_configargs=' --cache-file=./config.cache   --program-transform-name='\''s,y,y,'\'' --disable-option-checking'
host_cpu='arm'
host_noncanonical='arm-apple-darwin21.4.0'
host_os='darwin21.4.0'
host_shared='no'
host_subdir='.'
host_vendor='apple'
htmldir='${docdir}'
includedir='${prefix}/include'
infodir='${datarootdir}/info'
islinc=''
isllibs=''
libdir='${exec_prefix}/lib'
libexecdir='${exec_prefix}/libexec'
localedir='${datarootdir}/locale'
localstatedir='${prefix}/var'
mandir='${datarootdir}/man'
oldincludedir='/usr/include'
pdfdir='${docdir}'
poststage1_ldflags='-static-libstdc++ -static-libgcc'
poststage1_libs=''
prefix='/usr/local'
program_transform_name='s,y,y,'
psdir='${docdir}'
sbindir='${exec_prefix}/sbin'
sharedstatedir='${prefix}/com'
stage1_cflags='-g'
stage1_checking='--enable-checking=yes,types'
stage1_languages=',c,'
stage1_ldflags=''
stage1_libs=''
stage2_werror_flag=''
sysconfdir='${prefix}/etc'
target='arm-apple-darwin21.4.0'
target_alias=''
target_configargs='--cache-file=./config.cache --enable-multilib   --program-transform-name='\''s,y,y,'\'' --disable-option-checking'
target_configdirs=''
target_cpu='arm'
target_noncanonical='arm-apple-darwin21.4.0'
target_os='darwin21.4.0'
target_subdir='arm-apple-darwin21.4.0'
target_vendor='apple'
tooldir='${exec_prefix}/arm-apple-darwin21.4.0'

## ------------------- ##
## File substitutions. ##
## ------------------- ##

alphaieee_frag='/dev/null'
host_makefile_frag='./config/mh-darwin'
ospace_frag='/dev/null'
serialization_dependencies='serdep.tmp'
target_makefile_frag='/dev/null'

## ----------- ##
## confdefs.h. ##
## ----------- ##

/* confdefs.h */
#define PACKAGE_NAME ""
#define PACKAGE_TARNAME ""
#define PACKAGE_VERSION ""
#define PACKAGE_STRING ""
#define PACKAGE_BUGREPORT ""
#define PACKAGE_URL ""
#define LT_OBJDIR ".libs/"

configure: exit 0
